<?xml version='1.0'?>
<ns2:test-suite xmlns:ns2='urn:model.allure.qatools.yandex.ru' start='1536071895722' stop='1536071896208'>
    <name>uxl-content-switcher Given we want a content switcher When we use component with a children divs And when we set selected as a index and attrForSelected</name>
    <title>uxl-content-switcher Given we want a content switcher When we use component with a children divs And when we set selected as a index and attrForSelected</title>
    <test-cases>
        <test-case start='1536071895722' status='passed' stop='1536071896195'>
            <name>"before all" hook</name>
            <title>"before all" hook</title>
            <labels/>
            <parameters/>
            <steps>
                <step start='1536071895722' status='passed' stop='1536071896139'>
                    <name>POST /wd/hub/session/fa0ddfafec4d518bb9624e440bd93fac/url</name>
                    <title>POST /wd/hub/session/fa0ddfafec4d518bb9624e440bd93fac/url</title>
                    <attachments>
                        <attachment title='Request' source='b0d9433f-8cb6-4fd1-adf2-0f5d48c37658-attachment.json' type='application/json' size='83'/>
                        <attachment title='Response' source='00a2ea86-6b5c-4dac-8d39-bbdb494ff039-attachment.json' type='application/json' size='91'/>
                    </attachments>
                    <steps/>
                </step>
                <step start='1536071896144' status='passed' stop='1536071896194'>
                    <name>POST /wd/hub/session/fa0ddfafec4d518bb9624e440bd93fac/elements</name>
                    <title>POST /wd/hub/session/fa0ddfafec4d518bb9624e440bd93fac/elements</title>
                    <attachments>
                        <attachment title='Request' source='df4fd9f2-e8b3-4987-b202-409a785328b6-attachment.json' type='application/json' size='43'/>
                        <attachment title='Response' source='6c27eda2-99c6-49bc-97a8-a40ec9b8fdfc-attachment.json' type='application/json' size='161'/>
                    </attachments>
                    <steps/>
                </step>
            </steps>
            <attachments/>
        </test-case>
        <test-case start='1536071896195' status='failed' stop='1536071896202'>
            <name>Then the component should select the index which have attribute name equal "attrForSelected" property value and value for this attribute equal "selected" property value</name>
            <title>Then the component should select the index which have attribute name equal "attrForSelected" property value and value for this attribute equal "selected" property value</title>
            <labels>
                <label name='language' value='javascript'/>
                <label name='framework' value='wdio'/>
                <label name='thread' value='0-0'/>
            </labels>
            <parameters>
                <parameter kind='argument' name='browser' value='chrome'/>
                <parameter kind='environment-variable' name='capabilities' value='{"maxInstances":5,"browserName":"chrome"}'/>
                <parameter kind='environment-variable' name='spec files' value='["C:\\Users\\Daniel\\Documents\\Bitbucked repository\\uxl-content-switcher\\test\\e2e\\uxl-content-switcher.spec.js"]'/>
            </parameters>
            <steps/>
            <attachments/>
            <failure>
                <message>expected true to be false</message>
                <stack-trace>AssertionError: expected true to be false
                    at Context.it (C:\Users\Daniel\Documents\Bitbucked repository\uxl-content-switcher\test\e2e\uxl-content-switcher.spec.js:39:39)
                    at C:\Users\Daniel\Documents\Bitbucked repository\uxl-content-switcher\node_modules\wdio-sync\build\index.js:590:26
                    at new Promise (&lt;anonymous>)
                    at new F (C:\Users\Daniel\Documents\Bitbucked repository\uxl-content-switcher\node_modules\core-js\library\modules\_export.js:36:28)
                    at Context.executeSync (C:\Users\Daniel\Documents\Bitbucked repository\uxl-content-switcher\node_modules\wdio-sync\build\index.js:588:12)
                    at C:\Users\Daniel\Documents\Bitbucked repository\uxl-content-switcher\node_modules\wdio-sync\build\index.js:759:42</stack-trace>
            </failure>
        </test-case>
        <test-case start='1536071896203' status='failed' stop='1536071896203'>
            <name>And selected children should have "selected" classifier</name>
            <title>And selected children should have "selected" classifier</title>
            <labels>
                <label name='language' value='javascript'/>
                <label name='framework' value='wdio'/>
                <label name='thread' value='0-0'/>
            </labels>
            <parameters>
                <parameter kind='argument' name='browser' value='chrome'/>
                <parameter kind='environment-variable' name='capabilities' value='{"maxInstances":5,"browserName":"chrome"}'/>
                <parameter kind='environment-variable' name='spec files' value='["C:\\Users\\Daniel\\Documents\\Bitbucked repository\\uxl-content-switcher\\test\\e2e\\uxl-content-switcher.spec.js"]'/>
            </parameters>
            <steps/>
            <attachments/>
            <failure>
                <message>expected true to be false</message>
                <stack-trace>AssertionError: expected true to be false
                    at Context.it (C:\Users\Daniel\Documents\Bitbucked repository\uxl-content-switcher\test\e2e\uxl-content-switcher.spec.js:42:39)
                    at C:\Users\Daniel\Documents\Bitbucked repository\uxl-content-switcher\node_modules\wdio-sync\build\index.js:590:26
                    at new Promise (&lt;anonymous>)
                    at new F (C:\Users\Daniel\Documents\Bitbucked repository\uxl-content-switcher\node_modules\core-js\library\modules\_export.js:36:28)
                    at Context.executeSync (C:\Users\Daniel\Documents\Bitbucked repository\uxl-content-switcher\node_modules\wdio-sync\build\index.js:588:12)
                    at C:\Users\Daniel\Documents\Bitbucked repository\uxl-content-switcher\node_modules\wdio-sync\build\index.js:759:42</stack-trace>
            </failure>
        </test-case>
        <test-case start='1536071896204' status='failed' stop='1536071896205'>
            <name>And the rest of childs shouldn't have "selected" classifier</name>
            <title>And the rest of childs shouldn't have "selected" classifier</title>
            <labels>
                <label name='language' value='javascript'/>
                <label name='framework' value='wdio'/>
                <label name='thread' value='0-0'/>
            </labels>
            <parameters>
                <parameter kind='argument' name='browser' value='chrome'/>
                <parameter kind='environment-variable' name='capabilities' value='{"maxInstances":5,"browserName":"chrome"}'/>
                <parameter kind='environment-variable' name='spec files' value='["C:\\Users\\Daniel\\Documents\\Bitbucked repository\\uxl-content-switcher\\test\\e2e\\uxl-content-switcher.spec.js"]'/>
            </parameters>
            <steps/>
            <attachments/>
            <failure>
                <message>expected true to be false</message>
                <stack-trace>AssertionError: expected true to be false
                    at Context.it (C:\Users\Daniel\Documents\Bitbucked repository\uxl-content-switcher\test\e2e\uxl-content-switcher.spec.js:45:39)
                    at C:\Users\Daniel\Documents\Bitbucked repository\uxl-content-switcher\node_modules\wdio-sync\build\index.js:590:26
                    at new Promise (&lt;anonymous>)
                    at new F (C:\Users\Daniel\Documents\Bitbucked repository\uxl-content-switcher\node_modules\core-js\library\modules\_export.js:36:28)
                    at Context.executeSync (C:\Users\Daniel\Documents\Bitbucked repository\uxl-content-switcher\node_modules\wdio-sync\build\index.js:588:12)
                    at C:\Users\Daniel\Documents\Bitbucked repository\uxl-content-switcher\node_modules\wdio-sync\build\index.js:759:42</stack-trace>
            </failure>
        </test-case>
        <test-case start='1536071896206' status='failed' stop='1536071896207'>
            <name>And the rest of childs shouldn't display</name>
            <title>And the rest of childs shouldn't display</title>
            <labels>
                <label name='language' value='javascript'/>
                <label name='framework' value='wdio'/>
                <label name='thread' value='0-0'/>
            </labels>
            <parameters>
                <parameter kind='argument' name='browser' value='chrome'/>
                <parameter kind='environment-variable' name='capabilities' value='{"maxInstances":5,"browserName":"chrome"}'/>
                <parameter kind='environment-variable' name='spec files' value='["C:\\Users\\Daniel\\Documents\\Bitbucked repository\\uxl-content-switcher\\test\\e2e\\uxl-content-switcher.spec.js"]'/>
            </parameters>
            <steps/>
            <attachments/>
            <failure>
                <message>expected true to be false</message>
                <stack-trace>AssertionError: expected true to be false
                    at Context.it (C:\Users\Daniel\Documents\Bitbucked repository\uxl-content-switcher\test\e2e\uxl-content-switcher.spec.js:48:39)
                    at C:\Users\Daniel\Documents\Bitbucked repository\uxl-content-switcher\node_modules\wdio-sync\build\index.js:590:26
                    at new Promise (&lt;anonymous>)
                    at new F (C:\Users\Daniel\Documents\Bitbucked repository\uxl-content-switcher\node_modules\core-js\library\modules\_export.js:36:28)
                    at Context.executeSync (C:\Users\Daniel\Documents\Bitbucked repository\uxl-content-switcher\node_modules\wdio-sync\build\index.js:588:12)
                    at C:\Users\Daniel\Documents\Bitbucked repository\uxl-content-switcher\node_modules\wdio-sync\build\index.js:759:42</stack-trace>
            </failure>
        </test-case>
    </test-cases>
</ns2:test-suite>