<?xml version='1.0'?>
<ns2:test-suite xmlns:ns2='urn:model.allure.qatools.yandex.ru' start='1536071504590' stop='1536071504597'>
    <name>uxl-content-switcher Given we want a content switcher When we use component with a children divs And when we set selected as a index and attrForSelected</name>
    <title>uxl-content-switcher Given we want a content switcher When we use component with a children divs And when we set selected as a index and attrForSelected</title>
    <test-cases>
        <test-case start='1536071504590' status='failed' stop='1536071504592'>
            <name>Then the component should select the index which have attribute name equal "attrForSelected" property value and value for this attribute equal "selected" property value</name>
            <title>Then the component should select the index which have attribute name equal "attrForSelected" property value and value for this attribute equal "selected" property value</title>
            <labels>
                <label name='language' value='javascript'/>
                <label name='framework' value='wdio'/>
                <label name='thread' value='0-0'/>
            </labels>
            <parameters>
                <parameter kind='argument' name='browser' value='chrome'/>
                <parameter kind='environment-variable' name='capabilities' value='{"maxInstances":5,"browserName":"chrome"}'/>
                <parameter kind='environment-variable' name='spec files' value='["C:\\Users\\Daniel\\Documents\\Bitbucked repository\\uxl-content-switcher\\test\\e2e\\uxl-content-switcher.spec.js"]'/>
            </parameters>
            <steps/>
            <attachments/>
            <failure>
                <message>expected true to be false</message>
                <stack-trace>AssertionError: expected true to be false
                    at Context.it (C:\Users\Daniel\Documents\Bitbucked repository\uxl-content-switcher\test\e2e\uxl-content-switcher.spec.js:35:39)
                    at C:\Users\Daniel\Documents\Bitbucked repository\uxl-content-switcher\node_modules\wdio-sync\build\index.js:590:26
                    at new Promise (&lt;anonymous>)
                    at new F (C:\Users\Daniel\Documents\Bitbucked repository\uxl-content-switcher\node_modules\core-js\library\modules\_export.js:36:28)
                    at Context.executeSync (C:\Users\Daniel\Documents\Bitbucked repository\uxl-content-switcher\node_modules\wdio-sync\build\index.js:588:12)
                    at C:\Users\Daniel\Documents\Bitbucked repository\uxl-content-switcher\node_modules\wdio-sync\build\index.js:759:42</stack-trace>
            </failure>
        </test-case>
        <test-case start='1536071504593' status='failed' stop='1536071504594'>
            <name>And selected children should have "selected" classifier</name>
            <title>And selected children should have "selected" classifier</title>
            <labels>
                <label name='language' value='javascript'/>
                <label name='framework' value='wdio'/>
                <label name='thread' value='0-0'/>
            </labels>
            <parameters>
                <parameter kind='argument' name='browser' value='chrome'/>
                <parameter kind='environment-variable' name='capabilities' value='{"maxInstances":5,"browserName":"chrome"}'/>
                <parameter kind='environment-variable' name='spec files' value='["C:\\Users\\Daniel\\Documents\\Bitbucked repository\\uxl-content-switcher\\test\\e2e\\uxl-content-switcher.spec.js"]'/>
            </parameters>
            <steps/>
            <attachments/>
            <failure>
                <message>expected true to be false</message>
                <stack-trace>AssertionError: expected true to be false
                    at Context.it (C:\Users\Daniel\Documents\Bitbucked repository\uxl-content-switcher\test\e2e\uxl-content-switcher.spec.js:38:39)
                    at C:\Users\Daniel\Documents\Bitbucked repository\uxl-content-switcher\node_modules\wdio-sync\build\index.js:590:26
                    at new Promise (&lt;anonymous>)
                    at new F (C:\Users\Daniel\Documents\Bitbucked repository\uxl-content-switcher\node_modules\core-js\library\modules\_export.js:36:28)
                    at Context.executeSync (C:\Users\Daniel\Documents\Bitbucked repository\uxl-content-switcher\node_modules\wdio-sync\build\index.js:588:12)
                    at C:\Users\Daniel\Documents\Bitbucked repository\uxl-content-switcher\node_modules\wdio-sync\build\index.js:759:42</stack-trace>
            </failure>
        </test-case>
        <test-case start='1536071504594' status='failed' stop='1536071504595'>
            <name>And the rest of childs shouldn't have "selected" classifier</name>
            <title>And the rest of childs shouldn't have "selected" classifier</title>
            <labels>
                <label name='language' value='javascript'/>
                <label name='framework' value='wdio'/>
                <label name='thread' value='0-0'/>
            </labels>
            <parameters>
                <parameter kind='argument' name='browser' value='chrome'/>
                <parameter kind='environment-variable' name='capabilities' value='{"maxInstances":5,"browserName":"chrome"}'/>
                <parameter kind='environment-variable' name='spec files' value='["C:\\Users\\Daniel\\Documents\\Bitbucked repository\\uxl-content-switcher\\test\\e2e\\uxl-content-switcher.spec.js"]'/>
            </parameters>
            <steps/>
            <attachments/>
            <failure>
                <message>expected true to be false</message>
                <stack-trace>AssertionError: expected true to be false
                    at Context.it (C:\Users\Daniel\Documents\Bitbucked repository\uxl-content-switcher\test\e2e\uxl-content-switcher.spec.js:41:39)
                    at C:\Users\Daniel\Documents\Bitbucked repository\uxl-content-switcher\node_modules\wdio-sync\build\index.js:590:26
                    at new Promise (&lt;anonymous>)
                    at new F (C:\Users\Daniel\Documents\Bitbucked repository\uxl-content-switcher\node_modules\core-js\library\modules\_export.js:36:28)
                    at Context.executeSync (C:\Users\Daniel\Documents\Bitbucked repository\uxl-content-switcher\node_modules\wdio-sync\build\index.js:588:12)
                    at C:\Users\Daniel\Documents\Bitbucked repository\uxl-content-switcher\node_modules\wdio-sync\build\index.js:759:42</stack-trace>
            </failure>
        </test-case>
        <test-case start='1536071504596' status='failed' stop='1536071504597'>
            <name>And the rest of childs shouldn't display</name>
            <title>And the rest of childs shouldn't display</title>
            <labels>
                <label name='language' value='javascript'/>
                <label name='framework' value='wdio'/>
                <label name='thread' value='0-0'/>
            </labels>
            <parameters>
                <parameter kind='argument' name='browser' value='chrome'/>
                <parameter kind='environment-variable' name='capabilities' value='{"maxInstances":5,"browserName":"chrome"}'/>
                <parameter kind='environment-variable' name='spec files' value='["C:\\Users\\Daniel\\Documents\\Bitbucked repository\\uxl-content-switcher\\test\\e2e\\uxl-content-switcher.spec.js"]'/>
            </parameters>
            <steps/>
            <attachments/>
            <failure>
                <message>expected true to be false</message>
                <stack-trace>AssertionError: expected true to be false
                    at Context.it (C:\Users\Daniel\Documents\Bitbucked repository\uxl-content-switcher\test\e2e\uxl-content-switcher.spec.js:44:39)
                    at C:\Users\Daniel\Documents\Bitbucked repository\uxl-content-switcher\node_modules\wdio-sync\build\index.js:590:26
                    at new Promise (&lt;anonymous>)
                    at new F (C:\Users\Daniel\Documents\Bitbucked repository\uxl-content-switcher\node_modules\core-js\library\modules\_export.js:36:28)
                    at Context.executeSync (C:\Users\Daniel\Documents\Bitbucked repository\uxl-content-switcher\node_modules\wdio-sync\build\index.js:588:12)
                    at C:\Users\Daniel\Documents\Bitbucked repository\uxl-content-switcher\node_modules\wdio-sync\build\index.js:759:42</stack-trace>
            </failure>
        </test-case>
    </test-cases>
</ns2:test-suite>